#-----------------------------------------------------------
# Vivado v2018.3 (64-bit)
# SW Build 2405991 on Thu Dec  6 23:38:27 MST 2018
# IP Build 2404404 on Fri Dec  7 01:43:56 MST 2018
# Start of session at: Tue May 13 23:15:03 2025
# Process ID: 4844
# Current directory: E:/vivado files/I_CHIP_2024/axi master and slave implementation
# Command line: vivado.exe -gui_launcher_event rodinguilauncherevent19892 E:\vivado files\I_CHIP_2024\axi master and slave implementation\axi-4 implmentation.xpr
# Log file: E:/vivado files/I_CHIP_2024/axi master and slave implementation/vivado.log
# Journal file: E:/vivado files/I_CHIP_2024/axi master and slave implementation\vivado.jou
#-----------------------------------------------------------
start_gui
open_project {E:/vivado files/I_CHIP_2024/axi master and slave implementation/axi-4 implmentation.xpr}
INFO: [Project 1-313] Project file moved from 'E:/vivado files/axi master and slave implementation' since last save.
CRITICAL WARNING: [Project 1-311] Could not find the file 'E:/vivado files/I_CHIP_2024/axi master and slave implementation/matrix_convolution_ip/component.xml', nor could it be found using path 'E:/vivado files/axi master and slave implementation/matrix_convolution_ip/component.xml'.
Scanning sources...
Finished scanning sources
WARNING: [filemgmt 56-2] IP Repository Path: Could not find the directory 'E:/vivado files/I_CHIP_2024/axi master and slave implementation/matrix_convolution_ip', nor could it be found using path 'E:/vivado files/axi master and slave implementation/matrix_convolution_ip'.
INFO: [IP_Flow 19-234] Refreshing IP repositories
WARNING: [IP_Flow 19-2248] Failed to load user IP repository 'e:/vivado files/I_CHIP_2024/axi master and slave implementation/matrix_convolution_ip'; Can't find the specified path.
If this directory should no longer be in your list of user repositories, go to the IP Settings dialog and remove it.
INFO: [IP_Flow 19-2313] Loaded Vivado IP repository 'F:/Xilinx/Vivado/2018.3/data/ip'.
open_project: Time (s): cpu = 00:00:25 ; elapsed = 00:00:14 . Memory (MB): peak = 838.473 ; gain = 219.109
update_compile_order -fileset sources_1
open_bd_design {E:/vivado files/I_CHIP_2024/axi master and slave implementation/axi-4 implmentation.srcs/sources_1/bd/hardware_acceletor/hardware_acceletor.bd}
Adding cell -- xilinx.com:module_ref:axi_slave:1.0 - axi_slave_0
Adding cell -- xilinx.com:module_ref:input_mem:1.0 - input_mem_0
Adding cell -- xilinx.com:module_ref:output_mem:1.0 - output_mem_0
Adding cell -- xilinx.com:module_ref:vir_input_mem:1.0 - vir_input_mem_0
Adding cell -- xilinx.com:module_ref:weight_mem:1.0 - weight_mem_0
Adding cell -- xilinx.com:module_ref:systolic_array:1.0 - systolic_array_0
Adding cell -- xilinx.com:module_ref:controller:1.0 - controller_0
Adding cell -- xilinx.com:module_ref:axi_master:1.0 - axi_master_0
WARNING: [BD 41-1731] Type mismatch between connected pins: /S_AXI_ARESETN(rst) and /input_mem_0/arestn(undef)
WARNING: [BD 41-1731] Type mismatch between connected pins: /S_AXI_ARESETN(rst) and /output_mem_0/arestn(undef)
WARNING: [BD 41-1731] Type mismatch between connected pins: /S_AXI_ARESETN(rst) and /vir_input_mem_0/arestn(undef)
WARNING: [BD 41-1731] Type mismatch between connected pins: /S_AXI_ARESETN(rst) and /weight_mem_0/arestn(undef)
WARNING: [BD 41-1731] Type mismatch between connected pins: /S_AXI_ARESETN(rst) and /controller_0/arestn(undef)
Successfully read diagram <hardware_acceletor> from BD file <E:/vivado files/I_CHIP_2024/axi master and slave implementation/axi-4 implmentation.srcs/sources_1/bd/hardware_acceletor/hardware_acceletor.bd>
open_bd_design: Time (s): cpu = 00:00:08 ; elapsed = 00:00:08 . Memory (MB): peak = 1376.809 ; gain = 0.000
regenerate_bd_layout
save_bd_design
exit
INFO: [Common 17-206] Exiting Vivado at Tue May 13 23:18:38 2025...
