#-----------------------------------------------------------
# Vivado v2018.3 (64-bit)
# SW Build 2405991 on Thu Dec  6 23:38:27 MST 2018
# IP Build 2404404 on Fri Dec  7 01:43:56 MST 2018
# Start of session at: Tue Apr 15 17:05:49 2025
# Process ID: 4188
# Current directory: E:/vivado files/axi master and slave implementation
# Command line: vivado.exe -gui_launcher_event rodinguilauncherevent10868 E:\vivado files\axi master and slave implementation\axi-4 implmentation.xpr
# Log file: E:/vivado files/axi master and slave implementation/vivado.log
# Journal file: E:/vivado files/axi master and slave implementation\vivado.jou
#-----------------------------------------------------------
start_gui
open_project {E:/vivado files/axi master and slave implementation/axi-4 implmentation.xpr}
Scanning sources...
Finished scanning sources
WARNING: [filemgmt 56-3] IP Repository Path: Could not find the directory 'E:/vivado files/ip_repo/myip_5_1.0'.
INFO: [IP_Flow 19-234] Refreshing IP repositories
WARNING: [IP_Flow 19-2248] Failed to load user IP repository 'e:/vivado files/ip_repo/myip_5_1.0'; Can't find the specified path.
If this directory should no longer be in your list of user repositories, go to the IP Settings dialog and remove it.
INFO: [IP_Flow 19-2313] Loaded Vivado IP repository 'F:/Xilinx/Vivado/2018.3/data/ip'.
open_project: Time (s): cpu = 00:00:28 ; elapsed = 00:00:22 . Memory (MB): peak = 820.145 ; gain = 188.250
update_compile_order -fileset sources_1
exit
INFO: [Common 17-206] Exiting Vivado at Tue Apr 15 17:59:20 2025...
