#-----------------------------------------------------------
# Vivado v2018.3 (64-bit)
# SW Build 2405991 on Thu Dec  6 23:38:27 MST 2018
# IP Build 2404404 on Fri Dec  7 01:43:56 MST 2018
# Start of session at: Fri Aug 23 15:37:45 2024
# Process ID: 11440
# Current directory: E:/vivado files/I_CHIP_2024/ICHIP-PS1 overall processing element
# Command line: vivado.exe -gui_launcher_event rodinguilauncherevent13204 E:\vivado files\I_CHIP_2024\ICHIP-PS1 overall processing element\ICHIP-PS1.xpr
# Log file: E:/vivado files/I_CHIP_2024/ICHIP-PS1 overall processing element/vivado.log
# Journal file: E:/vivado files/I_CHIP_2024/ICHIP-PS1 overall processing element\vivado.jou
#-----------------------------------------------------------
start_gui
open_project {E:/vivado files/I_CHIP_2024/ICHIP-PS1 overall processing element/ICHIP-PS1.xpr}
Scanning sources...
Finished scanning sources
INFO: [IP_Flow 19-234] Refreshing IP repositories
INFO: [IP_Flow 19-1704] No user IP repositories specified
INFO: [IP_Flow 19-2313] Loaded Vivado IP repository 'F:/Xilinx/Vivado/2018.3/data/ip'.
open_project: Time (s): cpu = 00:00:13 ; elapsed = 00:00:11 . Memory (MB): peak = 872.867 ; gain = 198.273
update_compile_order -fileset sources_1
exit
INFO: [Common 17-206] Exiting Vivado at Fri Aug 23 16:35:14 2024...
