#-----------------------------------------------------------
# Vivado v2018.3 (64-bit)
# SW Build 2405991 on Thu Dec  6 23:38:27 MST 2018
# IP Build 2404404 on Fri Dec  7 01:43:56 MST 2018
# Start of session at: Sat Apr 12 14:37:44 2025
# Process ID: 14796
# Current directory: E:/vivado files/I_CHIP_2024/ICHIP-PS1 overall processing element
# Command line: vivado.exe -gui_launcher_event rodinguilauncherevent13232 E:\vivado files\I_CHIP_2024\ICHIP-PS1 overall processing element\ICHIP-PS1.xpr
# Log file: E:/vivado files/I_CHIP_2024/ICHIP-PS1 overall processing element/vivado.log
# Journal file: E:/vivado files/I_CHIP_2024/ICHIP-PS1 overall processing element\vivado.jou
#-----------------------------------------------------------
start_gui
open_project {E:/vivado files/I_CHIP_2024/ICHIP-PS1 overall processing element/ICHIP-PS1.xpr}
Scanning sources...
Finished scanning sources
INFO: [IP_Flow 19-234] Refreshing IP repositories
INFO: [IP_Flow 19-1704] No user IP repositories specified
INFO: [IP_Flow 19-2313] Loaded Vivado IP repository 'F:/Xilinx/Vivado/2018.3/data/ip'.
open_project: Time (s): cpu = 00:00:24 ; elapsed = 00:00:12 . Memory (MB): peak = 801.551 ; gain = 131.449
update_compile_order -fileset sources_1
reset_run synth_1
launch_runs synth_1 -jobs 8
[Sat Apr 12 14:39:53 2025] Launched synth_1...
Run output will be captured here: E:/vivado files/I_CHIP_2024/ICHIP-PS1 overall processing element/ICHIP-PS1.runs/synth_1/runme.log
launch_runs impl_1 -jobs 8
[Sat Apr 12 14:42:00 2025] Launched impl_1...
Run output will be captured here: E:/vivado files/I_CHIP_2024/ICHIP-PS1 overall processing element/ICHIP-PS1.runs/impl_1/runme.log
reset_run synth_1
launch_runs synth_1 -jobs 8
[Sat Apr 12 14:44:32 2025] Launched synth_1...
Run output will be captured here: E:/vivado files/I_CHIP_2024/ICHIP-PS1 overall processing element/ICHIP-PS1.runs/synth_1/runme.log
reset_run synth_1
launch_runs synth_1 -jobs 8
[Sat Apr 12 14:49:08 2025] Launched synth_1...
Run output will be captured here: E:/vivado files/I_CHIP_2024/ICHIP-PS1 overall processing element/ICHIP-PS1.runs/synth_1/runme.log
reset_run synth_1
launch_runs synth_1 -jobs 8
[Sat Apr 12 17:06:55 2025] Launched synth_1...
Run output will be captured here: E:/vivado files/I_CHIP_2024/ICHIP-PS1 overall processing element/ICHIP-PS1.runs/synth_1/runme.log
reset_run synth_1
launch_runs synth_1 -jobs 8
[Sat Apr 12 17:28:50 2025] Launched synth_1...
Run output will be captured here: E:/vivado files/I_CHIP_2024/ICHIP-PS1 overall processing element/ICHIP-PS1.runs/synth_1/runme.log
open_run synth_1 -name synth_1
Design is defaulting to impl run constrset: constrs_1
Design is defaulting to synth run part: xc7a15tcsg324-1
INFO: [Netlist 29-17] Analyzing 19 Unisim elements for replacement
INFO: [Netlist 29-28] Unisim Transformation completed in 0 CPU seconds
INFO: [Project 1-479] Netlist was created with Vivado 2018.3
INFO: [Device 21-403] Loading part xc7a15tcsg324-1
INFO: [Project 1-570] Preparing netlist for logic optimization
INFO: [Opt 31-138] Pushed 0 inverter(s) to 0 load pin(s).
Netlist sorting complete. Time (s): cpu = 00:00:00 ; elapsed = 00:00:00 . Memory (MB): peak = 1124.668 ; gain = 0.000
INFO: [Project 1-111] Unisim Transformation Summary:
No Unisim elements were transformed.

open_run: Time (s): cpu = 00:00:25 ; elapsed = 00:00:15 . Memory (MB): peak = 1314.273 ; gain = 399.340
launch_runs impl_1 -jobs 8
Netlist sorting complete. Time (s): cpu = 00:00:00 ; elapsed = 00:00:00.002 . Memory (MB): peak = 1832.242 ; gain = 0.000
WARNING: [Constraints 18-5210] No constraints selected for write.
Resolution: This message can indicate that there are no constraints for the design, or it can indicate that the used_in flags are set such that the constraints are ignored. This later case is used when running synth_design to not write synthesis constraints to the resulting checkpoint. Instead, project constraints are read when the synthesized design is opened.
[Sat Apr 12 17:32:22 2025] Launched impl_1...
Run output will be captured here: E:/vivado files/I_CHIP_2024/ICHIP-PS1 overall processing element/ICHIP-PS1.runs/impl_1/runme.log
exit
INFO: [Common 17-206] Exiting Vivado at Sat Apr 12 20:37:53 2025...
