Copyright 1986-2018 Xilinx, Inc. All Rights Reserved.
-------------------------------------------------------------------------------------------------------------------------------------------------
| Tool Version : Vivado v.2018.3 (win64) Build 2405991 Thu Dec  6 23:38:27 MST 2018
| Date         : Tue Jul 29 11:57:40 2025
| Host         : LAPTOP-7P8LB6PD running 64-bit major release  (build 9200)
| Command      : report_utilization -file hardware_acceletor_wrapper_utilization_placed.rpt -pb hardware_acceletor_wrapper_utilization_placed.pb
| Design       : hardware_acceletor_wrapper
| Device       : xczu7evffvc1156-2
| Design State : Fully Placed
-------------------------------------------------------------------------------------------------------------------------------------------------

Utilization Design Information

Table of Contents
-----------------
1. CLB Logic
1.1 Summary of Registers by Type
2. CLB Logic Distribution
3. BLOCKRAM
4. ARITHMETIC
5. I/O
6. CLOCK
7. ADVANCED
8. CONFIGURATION
9. Primitives
10. Black Boxes
11. Instantiated Netlists

1. CLB Logic
------------

+-------------------------+-------+-------+-----------+-------+
|        Site Type        |  Used | Fixed | Available | Util% |
+-------------------------+-------+-------+-----------+-------+
| CLB LUTs                |  7419 |     0 |    230400 |  3.22 |
|   LUT as Logic          |  7419 |     0 |    230400 |  3.22 |
|   LUT as Memory         |     0 |     0 |    101760 |  0.00 |
| CLB Registers           | 11296 |     0 |    460800 |  2.45 |
|   Register as Flip Flop | 11296 |     0 |    460800 |  2.45 |
|   Register as Latch     |     0 |     0 |    460800 |  0.00 |
| CARRY8                  |    71 |     0 |     28800 |  0.25 |
| F7 Muxes                |   992 |     0 |    115200 |  0.86 |
| F8 Muxes                |     0 |     0 |     57600 |  0.00 |
| F9 Muxes                |     0 |     0 |     28800 |  0.00 |
+-------------------------+-------+-------+-----------+-------+


1.1 Summary of Registers by Type
--------------------------------

+-------+--------------+-------------+--------------+
| Total | Clock Enable | Synchronous | Asynchronous |
+-------+--------------+-------------+--------------+
| 0     |            _ |           - |            - |
| 0     |            _ |           - |          Set |
| 0     |            _ |           - |        Reset |
| 0     |            _ |         Set |            - |
| 0     |            _ |       Reset |            - |
| 0     |          Yes |           - |            - |
| 0     |          Yes |           - |          Set |
| 0     |          Yes |           - |        Reset |
| 2     |          Yes |         Set |            - |
| 11294 |          Yes |       Reset |            - |
+-------+--------------+-------------+--------------+


2. CLB Logic Distribution
-------------------------

+--------------------------------------------+-------+-------+-----------+-------+
|                  Site Type                 |  Used | Fixed | Available | Util% |
+--------------------------------------------+-------+-------+-----------+-------+
| CLB                                        |  2228 |     0 |     28800 |  7.74 |
|   CLBL                                     |  1227 |     0 |           |       |
|   CLBM                                     |  1001 |     0 |           |       |
| LUT as Logic                               |  7419 |     0 |    230400 |  3.22 |
|   using O5 output only                     |     9 |       |           |       |
|   using O6 output only                     |  6471 |       |           |       |
|   using O5 and O6                          |   939 |       |           |       |
| LUT as Memory                              |     0 |     0 |    101760 |  0.00 |
|   LUT as Distributed RAM                   |     0 |     0 |           |       |
|   LUT as Shift Register                    |     0 |     0 |           |       |
| CLB Registers                              | 11296 |     0 |    460800 |  2.45 |
|   Register driven from within the CLB      |   482 |       |           |       |
|   Register driven from outside the CLB     | 10814 |       |           |       |
|     LUT in front of the register is unused |  5964 |       |           |       |
|     LUT in front of the register is used   |  4850 |       |           |       |
| Unique Control Sets                        |   368 |       |     57600 |  0.64 |
+--------------------------------------------+-------+-------+-----------+-------+
* Note: Available Control Sets calculated as CLB Registers / 8, Review the Control Sets Report for more information regarding control sets.


3. BLOCKRAM
-----------

+----------------+------+-------+-----------+-------+
|    Site Type   | Used | Fixed | Available | Util% |
+----------------+------+-------+-----------+-------+
| Block RAM Tile |    0 |     0 |       312 |  0.00 |
|   RAMB36/FIFO* |    0 |     0 |       312 |  0.00 |
|   RAMB18       |    0 |     0 |       624 |  0.00 |
| URAM           |    0 |     0 |        96 |  0.00 |
+----------------+------+-------+-----------+-------+
* Note: Each Block RAM Tile only has one FIFO logic available and therefore can accommodate only one FIFO36E2 or one FIFO18E2. However, if a FIFO18E2 occupies a Block RAM Tile, that tile can still accommodate a RAMB18E2


4. ARITHMETIC
-------------

+----------------+------+-------+-----------+-------+
|    Site Type   | Used | Fixed | Available | Util% |
+----------------+------+-------+-----------+-------+
| DSPs           |   18 |     0 |      1728 |  1.04 |
|   DSP48E2 only |   18 |       |           |       |
+----------------+------+-------+-----------+-------+


5. I/O
------

+------------------+------+-------+-----------+-------+
|     Site Type    | Used | Fixed | Available | Util% |
+------------------+------+-------+-----------+-------+
| Bonded IOB       |  239 |     0 |       360 | 66.39 |
| HPIOB_M          |  111 |     0 |       144 | 77.08 |
|   INPUT          |   37 |       |           |       |
|   OUTPUT         |   74 |       |           |       |
|   BIDIR          |    0 |       |           |       |
| HPIOB_S          |  111 |     0 |       144 | 77.08 |
|   INPUT          |   38 |       |           |       |
|   OUTPUT         |   73 |       |           |       |
|   BIDIR          |    0 |       |           |       |
| HDIOB_M          |    7 |     0 |        24 | 29.17 |
|   INPUT          |    4 |       |           |       |
|   OUTPUT         |    3 |       |           |       |
|   BIDIR          |    0 |       |           |       |
| HDIOB_S          |    6 |     0 |        24 | 25.00 |
|   INPUT          |    3 |       |           |       |
|   OUTPUT         |    3 |       |           |       |
|   BIDIR          |    0 |       |           |       |
| HPIOB_SNGL       |    4 |     0 |        24 | 16.67 |
|   INPUT          |    4 |       |           |       |
|   OUTPUT         |    0 |       |           |       |
|   BIDIR          |    0 |       |           |       |
| HPIOBDIFFINBUF   |    0 |     0 |       192 |  0.00 |
| HPIOBDIFFOUTBUF  |    0 |     0 |       192 |  0.00 |
| HDIOBDIFFINBUF   |    0 |     0 |        48 |  0.00 |
| BITSLICE_CONTROL |    0 |     0 |        64 |  0.00 |
| BITSLICE_RX_TX   |    0 |     0 |       416 |  0.00 |
| BITSLICE_TX      |    0 |     0 |        64 |  0.00 |
| RIU_OR           |    0 |     0 |        32 |  0.00 |
+------------------+------+-------+-----------+-------+


6. CLOCK
--------

+----------------------+------+-------+-----------+-------+
|       Site Type      | Used | Fixed | Available | Util% |
+----------------------+------+-------+-----------+-------+
| GLOBAL CLOCK BUFFERs |    1 |     0 |       544 |  0.18 |
|   BUFGCE             |    1 |     0 |       208 |  0.48 |
|   BUFGCE_DIV         |    0 |     0 |        32 |  0.00 |
|   BUFG_GT            |    0 |     0 |       144 |  0.00 |
|   BUFG_PS            |    0 |     0 |        96 |  0.00 |
|   BUFGCTRL*          |    0 |     0 |        64 |  0.00 |
| PLL                  |    0 |     0 |        16 |  0.00 |
| MMCM                 |    0 |     0 |         8 |  0.00 |
+----------------------+------+-------+-----------+-------+
* Note: Each used BUFGCTRL counts as two global buffer resources. This table does not include global clocking resources, only buffer cell usage. See the Clock Utilization Report (report_clock_utilization) for detailed accounting of global clocking resource availability.


7. ADVANCED
-----------

+-----------------+------+-------+-----------+-------+
|    Site Type    | Used | Fixed | Available | Util% |
+-----------------+------+-------+-----------+-------+
| GTHE4_CHANNEL   |    0 |     0 |        20 |  0.00 |
| GTHE4_COMMON    |    0 |     0 |         5 |  0.00 |
| OBUFDS_GTE4     |    0 |     0 |        10 |  0.00 |
| OBUFDS_GTE4_ADV |    0 |     0 |        10 |  0.00 |
| PCIE40E4        |    0 |     0 |         2 |  0.00 |
| PS8             |    0 |     0 |         1 |  0.00 |
| SYSMONE4        |    0 |     0 |         1 |  0.00 |
| VCU             |    0 |     0 |         1 |  0.00 |
+-----------------+------+-------+-----------+-------+


8. CONFIGURATION
----------------

+-------------+------+-------+-----------+-------+
|  Site Type  | Used | Fixed | Available | Util% |
+-------------+------+-------+-----------+-------+
| BSCANE2     |    0 |     0 |         4 |  0.00 |
| DNA_PORTE2  |    0 |     0 |         1 |  0.00 |
| EFUSE_USR   |    0 |     0 |         1 |  0.00 |
| FRAME_ECCE4 |    0 |     0 |         1 |  0.00 |
| ICAPE3      |    0 |     0 |         2 |  0.00 |
| MASTER_JTAG |    0 |     0 |         1 |  0.00 |
| STARTUPE3   |    0 |     0 |         1 |  0.00 |
+-------------+------+-------+-----------+-------+


9. Primitives
-------------

+----------+-------+---------------------+
| Ref Name |  Used | Functional Category |
+----------+-------+---------------------+
| FDRE     | 11294 |            Register |
| LUT6     |  4956 |                 CLB |
| LUT5     |  1210 |                 CLB |
| MUXF7    |   992 |                 CLB |
| LUT4     |   946 |                 CLB |
| LUT3     |   925 |                 CLB |
| LUT2     |   306 |                 CLB |
| OBUF     |   153 |                 I/O |
| INBUF    |    86 |                 I/O |
| IBUFCTRL |    86 |              Others |
| CARRY8   |    71 |                 CLB |
| DSP48E2  |    18 |          Arithmetic |
| LUT1     |    15 |                 CLB |
| FDSE     |     2 |            Register |
| BUFGCE   |     1 |               Clock |
+----------+-------+---------------------+


10. Black Boxes
---------------

+----------+------+
| Ref Name | Used |
+----------+------+


11. Instantiated Netlists
-------------------------

+---------------------------------------+------+
|                Ref Name               | Used |
+---------------------------------------+------+
| hardware_acceletor_weight_mem_0_0     |    1 |
| hardware_acceletor_vir_input_mem_0_0  |    1 |
| hardware_acceletor_systolic_array_0_0 |    1 |
| hardware_acceletor_output_mem_0_0     |    1 |
| hardware_acceletor_input_mem_0_0      |    1 |
| hardware_acceletor_controller_0_0     |    1 |
| hardware_acceletor_axi_slave_0_0      |    1 |
| hardware_acceletor_axi_master_0_0     |    1 |
+---------------------------------------+------+


