
*** Running vivado
    with args -log hardware_accelerator_input_mem_0_0.vds -m64 -product Vivado -mode batch -messageDb vivado.pb -notrace -source hardware_accelerator_input_mem_0_0.tcl


****** Vivado v2018.3 (64-bit)
  **** SW Build 2405991 on Thu Dec  6 23:38:27 MST 2018
  **** IP Build 2404404 on Fri Dec  7 01:43:56 MST 2018
    ** Copyright 1986-2018 Xilinx, Inc. All Rights Reserved.

source hardware_accelerator_input_mem_0_0.tcl -notrace
Command: synth_design -top hardware_accelerator_input_mem_0_0 -part xczu7ev-ffvc1156-2-e -mode out_of_context
Starting synth_design
Attempting to get a license for feature 'Synthesis' and/or device 'xczu7ev'
INFO: [Common 17-349] Got license for feature 'Synthesis' and/or device 'xczu7ev'
INFO: Launching helper process for spawning children vivado processes
INFO: Helper process launched with PID 13020 
---------------------------------------------------------------------------------
Starting Synthesize : Time (s): cpu = 00:00:05 ; elapsed = 00:00:06 . Memory (MB): peak = 465.742 ; gain = 102.449
---------------------------------------------------------------------------------
INFO: [Synth 8-6157] synthesizing module 'hardware_accelerator_input_mem_0_0' [e:/vivado files/I_CHIP_2024/ip_design_codes/ip_codes.srcs/sources_1/bd/hardware_accelerator/ip/hardware_accelerator_input_mem_0_0/synth/hardware_accelerator_input_mem_0_0.v:58]
INFO: [Synth 8-6157] synthesizing module 'input_mem' [E:/vivado files/I_CHIP_2024/ip_design_codes/ip_codes.srcs/sources_1/imports/new/input_mem.v:24]
	Parameter DATA_WIDTH bound to: 32 - type: integer 
	Parameter WIDTH bound to: 9 - type: integer 
	Parameter LENGTH bound to: 9 - type: integer 
WARNING: [Synth 8-5856] 3D RAM input_memory_reg  for this pattern/configuration is not supported. This will most likely be implemented in registers
INFO: [Synth 8-6155] done synthesizing module 'input_mem' (1#1) [E:/vivado files/I_CHIP_2024/ip_design_codes/ip_codes.srcs/sources_1/imports/new/input_mem.v:24]
INFO: [Synth 8-6155] done synthesizing module 'hardware_accelerator_input_mem_0_0' (2#1) [e:/vivado files/I_CHIP_2024/ip_design_codes/ip_codes.srcs/sources_1/bd/hardware_accelerator/ip/hardware_accelerator_input_mem_0_0/synth/hardware_accelerator_input_mem_0_0.v:58]
WARNING: [Synth 8-3331] design input_mem has unconnected port matrix_a_dimension[7]
WARNING: [Synth 8-3331] design input_mem has unconnected port matrix_a_dimension[6]
WARNING: [Synth 8-3331] design input_mem has unconnected port matrix_a_dimension[5]
WARNING: [Synth 8-3331] design input_mem has unconnected port matrix_a_dimension[4]
WARNING: [Synth 8-3331] design input_mem has unconnected port matrix_a_dimension[3]
WARNING: [Synth 8-3331] design input_mem has unconnected port matrix_a_dimension[2]
WARNING: [Synth 8-3331] design input_mem has unconnected port matrix_a_dimension[1]
WARNING: [Synth 8-3331] design input_mem has unconnected port matrix_a_dimension[0]
---------------------------------------------------------------------------------
Finished Synthesize : Time (s): cpu = 00:00:06 ; elapsed = 00:00:08 . Memory (MB): peak = 521.090 ; gain = 157.797
---------------------------------------------------------------------------------
---------------------------------------------------------------------------------
Finished Constraint Validation : Time (s): cpu = 00:00:07 ; elapsed = 00:00:08 . Memory (MB): peak = 521.090 ; gain = 157.797
---------------------------------------------------------------------------------
---------------------------------------------------------------------------------
Start Loading Part and Timing Information
---------------------------------------------------------------------------------
Loading part: xczu7ev-ffvc1156-2-e
INFO: [Synth 8-6742] Reading net delay rules and data
---------------------------------------------------------------------------------
Finished Loading Part and Timing Information : Time (s): cpu = 00:00:07 ; elapsed = 00:00:08 . Memory (MB): peak = 521.090 ; gain = 157.797
---------------------------------------------------------------------------------
INFO: [Device 21-403] Loading part xczu7ev-ffvc1156-2-e
INFO: [Synth 8-5544] ROM "input_memory_reg[0][0]" won't be mapped to Block RAM because address size (4) smaller than threshold (5)
INFO: [Synth 8-5544] ROM "input_memory_reg[0][1]" won't be mapped to Block RAM because address size (4) smaller than threshold (5)
INFO: [Synth 8-5544] ROM "input_memory_reg[0][2]" won't be mapped to Block RAM because address size (4) smaller than threshold (5)
INFO: [Synth 8-5544] ROM "input_memory_reg[0][3]" won't be mapped to Block RAM because address size (4) smaller than threshold (5)
INFO: [Synth 8-5544] ROM "input_memory_reg[0][4]" won't be mapped to Block RAM because address size (4) smaller than threshold (5)
INFO: [Synth 8-5544] ROM "input_memory_reg[0][5]" won't be mapped to Block RAM because address size (4) smaller than threshold (5)
INFO: [Synth 8-5544] ROM "input_memory_reg[0][6]" won't be mapped to Block RAM because address size (4) smaller than threshold (5)
INFO: [Synth 8-5544] ROM "input_memory_reg[0][7]" won't be mapped to Block RAM because address size (4) smaller than threshold (5)
INFO: [Synth 8-5544] ROM "input_memory_reg[0][8]" won't be mapped to Block RAM because address size (4) smaller than threshold (5)
---------------------------------------------------------------------------------
Finished RTL Optimization Phase 2 : Time (s): cpu = 00:00:08 ; elapsed = 00:00:09 . Memory (MB): peak = 521.090 ; gain = 157.797
---------------------------------------------------------------------------------

Report RTL Partitions: 
+-+--------------+------------+----------+
| |RTL Partition |Replication |Instances |
+-+--------------+------------+----------+
+-+--------------+------------+----------+
No constraint files found.
---------------------------------------------------------------------------------
Start RTL Component Statistics 
---------------------------------------------------------------------------------
Detailed RTL Component Info : 
+---Registers : 
	               32 Bit    Registers := 81    
+---Muxes : 
	   2 Input      1 Bit        Muxes := 91    
---------------------------------------------------------------------------------
Finished RTL Component Statistics 
---------------------------------------------------------------------------------
---------------------------------------------------------------------------------
Start RTL Hierarchical Component Statistics 
---------------------------------------------------------------------------------
Hierarchical RTL Component report 
Module input_mem 
Detailed RTL Component Info : 
+---Registers : 
	               32 Bit    Registers := 81    
+---Muxes : 
	   2 Input      1 Bit        Muxes := 91    
---------------------------------------------------------------------------------
Finished RTL Hierarchical Component Statistics
---------------------------------------------------------------------------------
---------------------------------------------------------------------------------
Start Part Resource Summary
---------------------------------------------------------------------------------
Part Resources:
DSPs: 1728 (col length:144)
BRAMs: 624 (col length: RAMB18 144 RAMB36 72)
---------------------------------------------------------------------------------
Finished Part Resource Summary
---------------------------------------------------------------------------------
No constraint files found.
---------------------------------------------------------------------------------
Start Cross Boundary and Area Optimization
---------------------------------------------------------------------------------
Warning: Parallel synthesis criteria is not met 
WARNING: [Synth 8-3331] design input_mem has unconnected port matrix_a_dimension[7]
WARNING: [Synth 8-3331] design input_mem has unconnected port matrix_a_dimension[6]
WARNING: [Synth 8-3331] design input_mem has unconnected port matrix_a_dimension[5]
WARNING: [Synth 8-3331] design input_mem has unconnected port matrix_a_dimension[4]
WARNING: [Synth 8-3331] design input_mem has unconnected port matrix_a_dimension[3]
WARNING: [Synth 8-3331] design input_mem has unconnected port matrix_a_dimension[2]
WARNING: [Synth 8-3331] design input_mem has unconnected port matrix_a_dimension[1]
WARNING: [Synth 8-3331] design input_mem has unconnected port matrix_a_dimension[0]
---------------------------------------------------------------------------------
Finished Cross Boundary and Area Optimization : Time (s): cpu = 00:00:31 ; elapsed = 00:00:36 . Memory (MB): peak = 1566.926 ; gain = 1203.633
---------------------------------------------------------------------------------

Report RTL Partitions: 
+-+--------------+------------+----------+
| |RTL Partition |Replication |Instances |
+-+--------------+------------+----------+
+-+--------------+------------+----------+
No constraint files found.
---------------------------------------------------------------------------------
Start Timing Optimization
---------------------------------------------------------------------------------
---------------------------------------------------------------------------------
Finished Timing Optimization : Time (s): cpu = 00:00:33 ; elapsed = 00:00:38 . Memory (MB): peak = 1566.926 ; gain = 1203.633
---------------------------------------------------------------------------------

Report RTL Partitions: 
+-+--------------+------------+----------+
| |RTL Partition |Replication |Instances |
+-+--------------+------------+----------+
+-+--------------+------------+----------+
---------------------------------------------------------------------------------
Start Technology Mapping
---------------------------------------------------------------------------------
---------------------------------------------------------------------------------
Finished Technology Mapping : Time (s): cpu = 00:00:35 ; elapsed = 00:00:40 . Memory (MB): peak = 1566.926 ; gain = 1203.633
---------------------------------------------------------------------------------

Report RTL Partitions: 
+-+--------------+------------+----------+
| |RTL Partition |Replication |Instances |
+-+--------------+------------+----------+
+-+--------------+------------+----------+
---------------------------------------------------------------------------------
Start IO Insertion
---------------------------------------------------------------------------------
---------------------------------------------------------------------------------
Start Flattening Before IO Insertion
---------------------------------------------------------------------------------
---------------------------------------------------------------------------------
Finished Flattening Before IO Insertion
---------------------------------------------------------------------------------
---------------------------------------------------------------------------------
Start Final Netlist Cleanup
---------------------------------------------------------------------------------
---------------------------------------------------------------------------------
Finished Final Netlist Cleanup
---------------------------------------------------------------------------------
---------------------------------------------------------------------------------
Finished IO Insertion : Time (s): cpu = 00:00:37 ; elapsed = 00:00:43 . Memory (MB): peak = 1566.926 ; gain = 1203.633
---------------------------------------------------------------------------------

Report Check Netlist: 
+------+------------------+-------+---------+-------+------------------+
|      |Item              |Errors |Warnings |Status |Description       |
+------+------------------+-------+---------+-------+------------------+
|1     |multi_driven_nets |      0|        0|Passed |Multi driven nets |
+------+------------------+-------+---------+-------+------------------+
---------------------------------------------------------------------------------
Start Renaming Generated Instances
---------------------------------------------------------------------------------
---------------------------------------------------------------------------------
Finished Renaming Generated Instances : Time (s): cpu = 00:00:37 ; elapsed = 00:00:43 . Memory (MB): peak = 1566.926 ; gain = 1203.633
---------------------------------------------------------------------------------

Report RTL Partitions: 
+-+--------------+------------+----------+
| |RTL Partition |Replication |Instances |
+-+--------------+------------+----------+
+-+--------------+------------+----------+
---------------------------------------------------------------------------------
Start Rebuilding User Hierarchy
---------------------------------------------------------------------------------
---------------------------------------------------------------------------------
Finished Rebuilding User Hierarchy : Time (s): cpu = 00:00:38 ; elapsed = 00:00:43 . Memory (MB): peak = 1566.926 ; gain = 1203.633
---------------------------------------------------------------------------------
---------------------------------------------------------------------------------
Start Renaming Generated Ports
---------------------------------------------------------------------------------
---------------------------------------------------------------------------------
Finished Renaming Generated Ports : Time (s): cpu = 00:00:38 ; elapsed = 00:00:43 . Memory (MB): peak = 1566.926 ; gain = 1203.633
---------------------------------------------------------------------------------
---------------------------------------------------------------------------------
Start Handling Custom Attributes
---------------------------------------------------------------------------------
---------------------------------------------------------------------------------
Finished Handling Custom Attributes : Time (s): cpu = 00:00:38 ; elapsed = 00:00:44 . Memory (MB): peak = 1566.926 ; gain = 1203.633
---------------------------------------------------------------------------------
---------------------------------------------------------------------------------
Start Renaming Generated Nets
---------------------------------------------------------------------------------
---------------------------------------------------------------------------------
Finished Renaming Generated Nets : Time (s): cpu = 00:00:38 ; elapsed = 00:00:44 . Memory (MB): peak = 1566.926 ; gain = 1203.633
---------------------------------------------------------------------------------
---------------------------------------------------------------------------------
Start Writing Synthesis Report
---------------------------------------------------------------------------------

Report BlackBoxes: 
+-+--------------+----------+
| |BlackBox name |Instances |
+-+--------------+----------+
+-+--------------+----------+

Report Cell Usage: 
+------+------+------+
|      |Cell  |Count |
+------+------+------+
|1     |LUT1  |     1|
|2     |LUT2  |     1|
|3     |LUT3  |    65|
|4     |LUT4  |   105|
|5     |LUT5  |   234|
|6     |LUT6  |  1576|
|7     |MUXF7 |   352|
|8     |FDRE  |  2592|
+------+------+------+

Report Instance Areas: 
+------+---------+----------+------+
|      |Instance |Module    |Cells |
+------+---------+----------+------+
|1     |top      |          |  4926|
|2     |  inst   |input_mem |  4924|
+------+---------+----------+------+
---------------------------------------------------------------------------------
Finished Writing Synthesis Report : Time (s): cpu = 00:00:38 ; elapsed = 00:00:44 . Memory (MB): peak = 1566.926 ; gain = 1203.633
---------------------------------------------------------------------------------
Synthesis finished with 0 errors, 0 critical warnings and 17 warnings.
Synthesis Optimization Runtime : Time (s): cpu = 00:00:38 ; elapsed = 00:00:44 . Memory (MB): peak = 1566.926 ; gain = 1203.633
Synthesis Optimization Complete : Time (s): cpu = 00:00:38 ; elapsed = 00:00:44 . Memory (MB): peak = 1566.926 ; gain = 1203.633
INFO: [Project 1-571] Translating synthesized netlist
INFO: [Netlist 29-17] Analyzing 352 Unisim elements for replacement
INFO: [Netlist 29-28] Unisim Transformation completed in 0 CPU seconds
WARNING: [Netlist 29-101] Netlist 'hardware_accelerator_input_mem_0_0' is not ideal for floorplanning, since the cellview 'input_mem' contains a large number of primitives.  Please consider enabling hierarchy in synthesis if you want to do floorplanning.
INFO: [Project 1-570] Preparing netlist for logic optimization
INFO: [Opt 31-138] Pushed 0 inverter(s) to 0 load pin(s).
Netlist sorting complete. Time (s): cpu = 00:00:00 ; elapsed = 00:00:00.003 . Memory (MB): peak = 1566.926 ; gain = 0.000
INFO: [Project 1-111] Unisim Transformation Summary:
No Unisim elements were transformed.

INFO: [Common 17-83] Releasing license: Synthesis
23 Infos, 18 Warnings, 0 Critical Warnings and 0 Errors encountered.
synth_design completed successfully
synth_design: Time (s): cpu = 00:00:54 ; elapsed = 00:01:07 . Memory (MB): peak = 1566.926 ; gain = 1217.027
Netlist sorting complete. Time (s): cpu = 00:00:00 ; elapsed = 00:00:00.003 . Memory (MB): peak = 1566.926 ; gain = 0.000
WARNING: [Constraints 18-5210] No constraints selected for write.
Resolution: This message can indicate that there are no constraints for the design, or it can indicate that the used_in flags are set such that the constraints are ignored. This later case is used when running synth_design to not write synthesis constraints to the resulting checkpoint. Instead, project constraints are read when the synthesized design is opened.
INFO: [Timing 38-35] Done setting XDC timing constraints.
INFO: [Common 17-1381] The checkpoint 'E:/vivado files/I_CHIP_2024/ip_design_codes/ip_codes.runs/hardware_accelerator_input_mem_0_0_synth_1/hardware_accelerator_input_mem_0_0.dcp' has been generated.
write_checkpoint: Time (s): cpu = 00:00:09 ; elapsed = 00:00:12 . Memory (MB): peak = 1681.594 ; gain = 114.668
Netlist sorting complete. Time (s): cpu = 00:00:00 ; elapsed = 00:00:00.002 . Memory (MB): peak = 1681.594 ; gain = 0.000
WARNING: [Constraints 18-5210] No constraints selected for write.
Resolution: This message can indicate that there are no constraints for the design, or it can indicate that the used_in flags are set such that the constraints are ignored. This later case is used when running synth_design to not write synthesis constraints to the resulting checkpoint. Instead, project constraints are read when the synthesized design is opened.
INFO: [Common 17-1381] The checkpoint 'E:/vivado files/I_CHIP_2024/ip_design_codes/ip_codes.runs/hardware_accelerator_input_mem_0_0_synth_1/hardware_accelerator_input_mem_0_0.dcp' has been generated.
INFO: [runtcl-4] Executing : report_utilization -file hardware_accelerator_input_mem_0_0_utilization_synth.rpt -pb hardware_accelerator_input_mem_0_0_utilization_synth.pb
INFO: [Common 17-206] Exiting Vivado at Tue May 20 12:42:33 2025...
