Copyright 1986-2018 Xilinx, Inc. All Rights Reserved.
---------------------------------------------------------------------------------------------------------------
| Tool Version      : Vivado v.2018.3 (win64) Build 2405991 Thu Dec  6 23:38:27 MST 2018
| Date              : Tue May 20 14:40:35 2025
| Host              : LAPTOP-7P8LB6PD running 64-bit major release  (build 9200)
| Command           : report_clock_utilization -file hardware_accelerator_wrapper_clock_utilization_routed.rpt
| Design            : hardware_accelerator_wrapper
| Device            : xczu7ev-ffvc1156
| Speed File        : -2  PRODUCTION 1.23 10-29-2018
| Temperature Grade : E
---------------------------------------------------------------------------------------------------------------

Clock Utilization Report

Table of Contents
-----------------
1. Clock Primitive Utilization
2. Global Clock Resources
3. Global Clock Source Details
4. Clock Regions : Clock Primitives
5. Clock Regions : Load Primitives
6. Clock Regions : Global Clock Summary
7. Clock Regions : Routing Resource Utilization
8. Device Cell Placement Summary for Global Clock g0
9. Device Cell Placement Summary for Global Clock g1
10. Clock Region Cell Placement per Global Clock: Region X1Y1
11. Clock Region Cell Placement per Global Clock: Region X2Y1
12. Clock Region Cell Placement per Global Clock: Region X1Y3
13. Clock Region Cell Placement per Global Clock: Region X0Y4
14. Clock Region Cell Placement per Global Clock: Region X1Y4
15. Clock Region Cell Placement per Global Clock: Region X2Y4
16. Clock Region Cell Placement per Global Clock: Region X0Y5
17. Clock Region Cell Placement per Global Clock: Region X1Y5

1. Clock Primitive Utilization
------------------------------

+------------+------+-----------+-----+--------------+--------+
| Type       | Used | Available | LOC | Clock Region | Pblock |
+------------+------+-----------+-----+--------------+--------+
| BUFGCE     |    2 |       208 |   0 |            0 |      0 |
| BUFGCE_DIV |    0 |        32 |   0 |            0 |      0 |
| BUFGCTRL   |    0 |        64 |   0 |            0 |      0 |
| BUFG_GT    |    0 |       144 |   0 |            0 |      0 |
| MMCM       |    0 |         8 |   0 |            0 |      0 |
| PLL        |    0 |        16 |   0 |            0 |      0 |
+------------+------+-----------+-----+--------------+--------+


2. Global Clock Resources
-------------------------

+-----------+-----------+-----------------+------------+--------------+--------------+------+-------------------+-------------------+-------------+-----------------+--------------+-------+-------------------------------+--------------------------+
| Global Id | Source Id | Driver Type/Pin | Constraint | Site         | Clock Region | Root | Clock Delay Group | Load Clock Region | Clock Loads | Non-Clock Loads | Clock Period | Clock | Driver Pin                    | Net                      |
+-----------+-----------+-----------------+------------+--------------+--------------+------+-------------------+-------------------+-------------+-----------------+--------------+-------+-------------------------------+--------------------------+
| g0        | src0      | BUFGCE/O        | None       | BUFGCE_X1Y50 | X2Y2         | X1Y4 |                   |                 6 |       18212 |               0 |              |       | S_AXI_ACLK_0_IBUF_BUFG_inst/O | S_AXI_ACLK_0_IBUF_BUFGCE |
| g1        | src1      | BUFGCE/O        | None       | BUFGCE_X1Y56 | X2Y2         | X2Y2 |                   |                 4 |         147 |               0 |              |       | M_AXI_ACLK_0_IBUF_BUFG_inst/O | M_AXI_ACLK_0_IBUF_BUFGCE |
+-----------+-----------+-----------------+------------+--------------+--------------+------+-------------------+-------------------+-------------+-----------------+--------------+-------+-------------------------------+--------------------------+
* Clock Loads column represents the clock pin loads (pin count)
** Non-Clock Loads column represents the non-clock pin loads (pin count)


3. Global Clock Source Details
------------------------------

+-----------+-----------+-----------------+------------+------------+--------------+-------------+-----------------+---------------------+--------------+----------------------------------------+--------------------------+
| Source Id | Global Id | Driver Type/Pin | Constraint | Site       | Clock Region | Clock Loads | Non-Clock Loads | Source Clock Period | Source Clock | Driver Pin                             | Net                      |
+-----------+-----------+-----------------+------------+------------+--------------+-------------+-----------------+---------------------+--------------+----------------------------------------+--------------------------+
| src0      | g0        | IBUFCTRL/O      | None       | IOB_X2Y125 | X2Y2         |           1 |               0 |                     |              | S_AXI_ACLK_0_IBUF_inst/IBUFCTRL_INST/O | S_AXI_ACLK_0_IBUF_inst/O |
| src1      | g1        | IBUFCTRL/O      | None       | IOB_X2Y132 | X2Y2         |           1 |               0 |                     |              | M_AXI_ACLK_0_IBUF_inst/IBUFCTRL_INST/O | M_AXI_ACLK_0_IBUF_inst/O |
+-----------+-----------+-----------------+------------+------------+--------------+-------------+-----------------+---------------------+--------------+----------------------------------------+--------------------------+
* Clock Loads column represents the clock pin loads (pin count)
** Non-Clock Loads column represents the non-clock pin loads (pin count)


4. Clock Regions : Clock Primitives
-----------------------------------

+-------------------+--------------+--------------+--------------+--------------+--------------+--------------+--------------+
|                   | Global Clock |    BUFGCE    |  BUFGCE_DIV  |   BUFGCTRL   |    BUFG_GT   |     MMCM     |      PLL     |
+-------------------+------+-------+------+-------+------+-------+------+-------+------+-------+------+-------+------+-------+
| Clock Region Name | Used | Avail | Used | Avail | Used | Avail | Used | Avail | Used | Avail | Used | Avail | Used | Avail |
+-------------------+------+-------+------+-------+------+-------+------+-------+------+-------+------+-------+------+-------+
| X0Y0              |    0 |     0 |    0 |     0 |    0 |     0 |    0 |     0 |    0 |     0 |    0 |     0 |    0 |     0 |
| X1Y0              |    0 |    24 |    0 |     0 |    0 |     0 |    0 |     0 |    0 |     0 |    0 |     0 |    0 |     0 |
| X2Y0              |    0 |    24 |    0 |    24 |    0 |     4 |    0 |     8 |    0 |     0 |    0 |     1 |    0 |     2 |
| X3Y0              |    0 |    24 |    0 |     0 |    0 |     0 |    0 |     0 |    0 |    24 |    0 |     0 |    0 |     0 |
| X0Y1              |    0 |     0 |    0 |     0 |    0 |     0 |    0 |     0 |    0 |     0 |    0 |     0 |    0 |     0 |
| X1Y1              |    1 |    24 |    0 |     0 |    0 |     0 |    0 |     0 |    0 |     0 |    0 |     0 |    0 |     0 |
| X2Y1              |    1 |    24 |    0 |    24 |    0 |     4 |    0 |     8 |    0 |     0 |    0 |     1 |    0 |     2 |
| X3Y1              |    0 |    24 |    0 |     0 |    0 |     0 |    0 |     0 |    0 |    24 |    0 |     0 |    0 |     0 |
| X0Y2              |    0 |     0 |    0 |     0 |    0 |     0 |    0 |     0 |    0 |     0 |    0 |     0 |    0 |     0 |
| X1Y2              |    1 |    24 |    0 |     0 |    0 |     0 |    0 |     0 |    0 |     0 |    0 |     0 |    0 |     0 |
| X2Y2              |    2 |    24 |    2 |    24 |    0 |     4 |    0 |     8 |    0 |     0 |    0 |     1 |    0 |     2 |
| X3Y2              |    0 |    24 |    0 |     0 |    0 |     0 |    0 |     0 |    0 |    24 |    0 |     0 |    0 |     0 |
| X0Y3              |    0 |     0 |    0 |     0 |    0 |     0 |    0 |     0 |    0 |     0 |    0 |     0 |    0 |     0 |
| X1Y3              |    1 |    24 |    0 |     0 |    0 |     0 |    0 |     0 |    0 |     0 |    0 |     0 |    0 |     0 |
| X2Y3              |    1 |    24 |    0 |    24 |    0 |     4 |    0 |     8 |    0 |     0 |    0 |     1 |    0 |     2 |
| X3Y3              |    0 |    24 |    0 |     0 |    0 |     0 |    0 |     0 |    0 |    24 |    0 |     0 |    0 |     0 |
| X0Y4              |    1 |    24 |    0 |    28 |    0 |     4 |    0 |     8 |    0 |     0 |    0 |     1 |    0 |     2 |
| X1Y4              |    2 |    24 |    0 |     0 |    0 |     0 |    0 |     0 |    0 |     0 |    0 |     0 |    0 |     0 |
| X2Y4              |    2 |    24 |    0 |    24 |    0 |     4 |    0 |     8 |    0 |     0 |    0 |     1 |    0 |     2 |
| X3Y4              |    0 |    24 |    0 |     4 |    0 |     0 |    0 |     0 |    0 |    24 |    0 |     0 |    0 |     0 |
| X0Y5              |    1 |    24 |    0 |    28 |    0 |     4 |    0 |     8 |    0 |     0 |    0 |     1 |    0 |     2 |
| X1Y5              |    1 |    24 |    0 |     0 |    0 |     0 |    0 |     0 |    0 |     0 |    0 |     0 |    0 |     0 |
| X2Y5              |    0 |    24 |    0 |    24 |    0 |     4 |    0 |     8 |    0 |     0 |    0 |     1 |    0 |     2 |
| X3Y5              |    0 |    24 |    0 |     4 |    0 |     0 |    0 |     0 |    0 |    24 |    0 |     0 |    0 |     0 |
+-------------------+------+-------+------+-------+------+-------+------+-------+------+-------+------+-------+------+-------+
* Global Clock column represents track count; while other columns represents cell counts


5. Clock Regions : Load Primitives
----------------------------------

+-------------------+------------------+------------------+------------------+------------------+------------------+------------------+------------------+------------------+
|                   |   Global Clock   |        FF        |      LUTRAM      |  Block RAM (18K) |       URAM       |        DSP       |        GT        |      HARD IP     |
+-------------------+--------+---------+--------+---------+--------+---------+--------+---------+--------+---------+--------+---------+--------+---------+--------+---------+
| Clock Region Name | Used   | Avail   | Used   | Avail   | Used   | Avail   | Used   | Avail   | Used   | Avail   | Used   | Avail   | Used   | Avail   | Used   | Avail   |
+-------------------+--------+---------+--------+---------+--------+---------+--------+---------+--------+---------+--------+---------+--------+---------+--------+---------+
| X0Y0              |      0 |       0 |      0 |       0 |      0 |       0 |      0 |       0 |      0 |       0 |      0 |       0 |      0 |       0 |      0 |       0 |
| X1Y0              |      0 |      24 |      0 |   17280 |      0 |    4320 |      0 |      24 |      0 |      16 |      0 |      96 |      0 |       0 |      0 |       0 |
| X2Y0              |      0 |      24 |      0 |   22080 |      0 |    5760 |      0 |      24 |      0 |       0 |      0 |     120 |      0 |       0 |      0 |       0 |
| X3Y0              |      0 |      24 |      0 |   22080 |      0 |    3360 |      0 |      48 |      0 |       0 |      0 |      48 |      0 |       4 |      0 |       1 |
| X0Y1              |      0 |       0 |      0 |       0 |      0 |       0 |      0 |       0 |      0 |       0 |      0 |       0 |      0 |       0 |      0 |       0 |
| X1Y1              |      1 |      24 |      1 |   17280 |      0 |    4320 |      0 |      24 |      0 |      16 |      0 |      96 |      0 |       0 |      0 |       0 |
| X2Y1              |      1 |      24 |      1 |   22080 |      0 |    5760 |      0 |      24 |      0 |       0 |      0 |     120 |      0 |       0 |      0 |       0 |
| X3Y1              |      0 |      24 |      0 |   22080 |      0 |    3360 |      0 |      48 |      0 |       0 |      0 |      48 |      0 |       4 |      0 |       1 |
| X0Y2              |      0 |       0 |      0 |       0 |      0 |       0 |      0 |       0 |      0 |       0 |      0 |       0 |      0 |       0 |      0 |       0 |
| X1Y2              |      1 |      24 |      0 |   17280 |      0 |    4320 |      0 |      24 |      0 |      16 |      0 |      96 |      0 |       0 |      0 |       0 |
| X2Y2              |      2 |      24 |      0 |   22080 |      0 |    5760 |      0 |      24 |      0 |       0 |      0 |     120 |      0 |       0 |      0 |       0 |
| X3Y2              |      0 |      24 |      0 |   22080 |      0 |    3360 |      0 |      48 |      0 |       0 |      0 |      48 |      0 |       4 |      0 |       0 |
| X0Y3              |      0 |       0 |      0 |       0 |      0 |       0 |      0 |       0 |      0 |       0 |      0 |       0 |      0 |       0 |      0 |       0 |
| X1Y3              |      1 |      24 |     30 |   17280 |      0 |    4320 |      0 |      24 |      0 |      16 |      0 |      96 |      0 |       0 |      0 |       0 |
| X2Y3              |      1 |      24 |      0 |   22080 |      0 |    5760 |      0 |      24 |      0 |       0 |      0 |     120 |      0 |       0 |      0 |       0 |
| X3Y3              |      0 |      24 |      0 |   22080 |      0 |    3360 |      0 |      48 |      0 |       0 |      0 |      48 |      0 |       4 |      0 |       0 |
| X0Y4              |      1 |      24 |   6547 |   40320 |      0 |    9120 |      0 |      24 |      0 |       0 |     15 |      48 |      0 |       0 |      0 |       0 |
| X1Y4              |      2 |      24 |   3091 |   23040 |      0 |    5760 |      0 |      24 |      0 |      16 |     19 |     120 |      0 |       0 |      0 |       0 |
| X2Y4              |      2 |      24 |    633 |   22080 |      0 |    5760 |      0 |      24 |      0 |       0 |      1 |     120 |      0 |       0 |      0 |       0 |
| X3Y4              |      0 |      24 |      0 |   22080 |      0 |    3360 |      0 |      48 |      0 |       0 |      0 |      48 |      0 |       4 |      0 |       0 |
| X0Y5              |      1 |      24 |   5674 |   40320 |      0 |    9120 |      0 |      24 |      0 |       0 |     16 |      48 |      0 |       0 |      0 |       0 |
| X1Y5              |      1 |      24 |   2310 |   23040 |      0 |    5760 |      0 |      24 |      0 |      16 |     21 |     120 |      0 |       0 |      0 |       0 |
| X2Y5              |      0 |      24 |      0 |   22080 |      0 |    5760 |      0 |      24 |      0 |       0 |      0 |     120 |      0 |       0 |      0 |       0 |
| X3Y5              |      0 |      24 |      0 |   22080 |      0 |    3360 |      0 |      48 |      0 |       0 |      0 |      48 |      0 |       4 |      0 |       0 |
+-------------------+--------+---------+--------+---------+--------+---------+--------+---------+--------+---------+--------+---------+--------+---------+--------+---------+
* Global Clock column represents track count; while other columns represents cell counts


6. Clock Regions : Global Clock Summary
---------------------------------------

All Modules
+----+----+----+----+----+
|    | X0 | X1 | X2 | X3 |
+----+----+----+----+----+
| Y5 |  1 |  1 |  0 |  0 |
| Y4 |  1 |  2 |  2 |  0 |
| Y3 |  0 |  1 |  0 |  0 |
| Y2 |  0 |  0 |  0 |  0 |
| Y1 |  0 |  1 |  1 |  0 |
| Y0 |  0 |  0 |  0 |  0 |
+----+----+----+----+----+


7. Clock Regions : Routing Resource Utilization
-----------------------------------------------

All Modules
+-------------------+----------------------+----------------------+----------------------+----------------------+
|                   |        HROUTES       |        HDISTRS       |        VROUTES       |        VDISTRS       |
+-------------------+------+-------+-------+------+-------+-------+------+-------+-------+------+-------+-------+
| Clock Region Name | Used | Avail | Util% | Used | Avail | Util% | Used | Avail | Util% | Used | Avail | Util% |
+-------------------+------+-------+-------+------+-------+-------+------+-------+-------+------+-------+-------+
| X0Y0              |    0 |     0 |  0.00 |    0 |     0 |  0.00 |    0 |     0 |  0.00 |    0 |     0 |  0.00 |
| X1Y0              |    0 |    24 |  0.00 |    0 |    24 |  0.00 |    0 |    24 |  0.00 |    0 |    24 |  0.00 |
| X2Y0              |    0 |    24 |  0.00 |    0 |    24 |  0.00 |    0 |    24 |  0.00 |    0 |    24 |  0.00 |
| X3Y0              |    0 |    24 |  0.00 |    0 |    24 |  0.00 |    0 |    24 |  0.00 |    0 |    24 |  0.00 |
| X0Y1              |    0 |     0 |  0.00 |    0 |     0 |  0.00 |    0 |     0 |  0.00 |    0 |     0 |  0.00 |
| X1Y1              |    0 |    24 |  0.00 |    1 |    24 |  4.17 |    0 |    24 |  0.00 |    0 |    24 |  0.00 |
| X2Y1              |    0 |    24 |  0.00 |    1 |    24 |  4.17 |    0 |    24 |  0.00 |    1 |    24 |  4.17 |
| X3Y1              |    0 |    24 |  0.00 |    0 |    24 |  0.00 |    0 |    24 |  0.00 |    0 |    24 |  0.00 |
| X0Y2              |    0 |     0 |  0.00 |    0 |     0 |  0.00 |    0 |     0 |  0.00 |    0 |     0 |  0.00 |
| X1Y2              |    1 |    24 |  4.17 |    0 |    24 |  0.00 |    0 |    24 |  0.00 |    0 |    24 |  0.00 |
| X2Y2              |    1 |    24 |  4.17 |    0 |    24 |  0.00 |    0 |    24 |  0.00 |    1 |    24 |  4.17 |
| X3Y2              |    0 |    24 |  0.00 |    0 |    24 |  0.00 |    0 |    24 |  0.00 |    0 |    24 |  0.00 |
| X0Y3              |    0 |     0 |  0.00 |    0 |     0 |  0.00 |    0 |     0 |  0.00 |    0 |     0 |  0.00 |
| X1Y3              |    0 |    24 |  0.00 |    1 |    24 |  4.17 |    1 |    24 |  4.17 |    1 |    24 |  4.17 |
| X2Y3              |    0 |    24 |  0.00 |    0 |    24 |  0.00 |    0 |    24 |  0.00 |    1 |    24 |  4.17 |
| X3Y3              |    0 |    24 |  0.00 |    0 |    24 |  0.00 |    0 |    24 |  0.00 |    0 |    24 |  0.00 |
| X0Y4              |    0 |    24 |  0.00 |    1 |    24 |  4.17 |    0 |    24 |  0.00 |    0 |    24 |  0.00 |
| X1Y4              |    0 |    24 |  0.00 |    2 |    24 |  8.33 |    1 |    24 |  4.17 |    1 |    24 |  4.17 |
| X2Y4              |    0 |    24 |  0.00 |    2 |    24 |  8.33 |    0 |    24 |  0.00 |    0 |    24 |  0.00 |
| X3Y4              |    0 |    24 |  0.00 |    0 |    24 |  0.00 |    0 |    24 |  0.00 |    0 |    24 |  0.00 |
| X0Y5              |    0 |    24 |  0.00 |    1 |    24 |  4.17 |    0 |    24 |  0.00 |    0 |    24 |  0.00 |
| X1Y5              |    0 |    24 |  0.00 |    1 |    24 |  4.17 |    0 |    24 |  0.00 |    0 |    24 |  0.00 |
| X2Y5              |    0 |    24 |  0.00 |    0 |    24 |  0.00 |    0 |    24 |  0.00 |    0 |    24 |  0.00 |
| X3Y5              |    0 |    24 |  0.00 |    0 |    24 |  0.00 |    0 |    24 |  0.00 |    0 |    24 |  0.00 |
+-------------------+------+-------+-------+------+-------+-------+------+-------+-------+------+-------+-------+


8. Device Cell Placement Summary for Global Clock g0
----------------------------------------------------

+-----------+-----------------+-------------------+-------+-------------+---------------+----------+-------------+----------+----------------+----------+--------------------------+
| Global Id | Driver Type/Pin | Driver Region (D) | Clock | Period (ns) | Waveform (ns) | Root (R) | Slice Loads | IO Loads | Clocking Loads | GT Loads | Net                      |
+-----------+-----------------+-------------------+-------+-------------+---------------+----------+-------------+----------+----------------+----------+--------------------------+
| g0        | BUFGCE/O        | X2Y2              |       |             |               | X1Y4     |       18212 |        0 |              0 |        0 | S_AXI_ACLK_0_IBUF_BUFGCE |
+-----------+-----------------+-------------------+-------+-------------+---------------+----------+-------------+----------+----------------+----------+--------------------------+
* Logic Loads column represents load cell count of all cell types other than IO, GT and clock resources
** IO Loads column represents load cell count of IO types
*** Clocking Loads column represents load cell count that are clock resources (global clock buffer, MMCM, PLL, etc)
**** GT Loads column represents load cell count of GT types


+----+-------+----------+--------+----+
|    | X0    | X1       | X2     | X3 |
+----+-------+----------+--------+----+
| Y5 |  5690 |     2331 |      0 |  0 |
| Y4 |  6562 | (R) 3013 |    586 |  0 |
| Y3 |     0 |       30 |      0 |  0 |
| Y2 |     0 |        0 |  (D) 0 |  0 |
| Y1 |     0 |        0 |      0 |  0 |
| Y0 |     0 |        0 |      0 |  0 |
+----+-------+----------+--------+----+


9. Device Cell Placement Summary for Global Clock g1
----------------------------------------------------

+-----------+-----------------+-------------------+-------+-------------+---------------+----------+-------------+----------+----------------+----------+--------------------------+
| Global Id | Driver Type/Pin | Driver Region (D) | Clock | Period (ns) | Waveform (ns) | Root (R) | Slice Loads | IO Loads | Clocking Loads | GT Loads | Net                      |
+-----------+-----------------+-------------------+-------+-------------+---------------+----------+-------------+----------+----------------+----------+--------------------------+
| g1        | BUFGCE/O        | X2Y2              |       |             |               | X2Y2     |         147 |        0 |              0 |        0 | M_AXI_ACLK_0_IBUF_BUFGCE |
+-----------+-----------------+-------------------+-------+-------------+---------------+----------+-------------+----------+----------------+----------+--------------------------+
* Logic Loads column represents load cell count of all cell types other than IO, GT and clock resources
** IO Loads column represents load cell count of IO types
*** Clocking Loads column represents load cell count that are clock resources (global clock buffer, MMCM, PLL, etc)
**** GT Loads column represents load cell count of GT types


+----+----+-----+-----------+----+
|    | X0 | X1  | X2        | X3 |
+----+----+-----+-----------+----+
| Y5 |  0 |   0 |         0 |  0 |
| Y4 |  0 |  97 |        48 |  0 |
| Y3 |  0 |   0 |         0 |  0 |
| Y2 |  0 |   0 | (R) (D) 0 |  0 |
| Y1 |  0 |   1 |         1 |  0 |
| Y0 |  0 |   0 |         0 |  0 |
+----+----+-----+-----------+----+


10. Clock Region Cell Placement per Global Clock: Region X1Y1
-------------------------------------------------------------

+-----------+-------+-----------------+------------+-------------+-----------------+----+--------+------+------+-----+----+------+-----+---------+--------------------------+
| Global Id | Track | Driver Type/Pin | Constraint | Clock Loads | Non-Clock Loads | FF | LUTRAM | RAMB | URAM | DSP | GT | MMCM | PLL | Hard IP | Net                      |
+-----------+-------+-----------------+------------+-------------+-----------------+----+--------+------+------+-----+----+------+-----+---------+--------------------------+
| g1        | 8     | BUFGCE/O        | None       |           1 |               0 |  1 |      0 |    0 |    0 |   0 |  0 |    0 |   0 |       0 | M_AXI_ACLK_0_IBUF_BUFGCE |
+-----------+-------+-----------------+------------+-------------+-----------------+----+--------+------+------+-----+----+------+-----+---------+--------------------------+
* Clock Loads column represents the clock pin loads (pin count)
** Non-Clock Loads column represents the non-clock pin loads (pin count)
*** Columns FF, LUTRAM, RAMB through 'Hard IP' represents load cell counts


11. Clock Region Cell Placement per Global Clock: Region X2Y1
-------------------------------------------------------------

+-----------+-------+-----------------+------------+-------------+-----------------+----+--------+------+------+-----+----+------+-----+---------+--------------------------+
| Global Id | Track | Driver Type/Pin | Constraint | Clock Loads | Non-Clock Loads | FF | LUTRAM | RAMB | URAM | DSP | GT | MMCM | PLL | Hard IP | Net                      |
+-----------+-------+-----------------+------------+-------------+-----------------+----+--------+------+------+-----+----+------+-----+---------+--------------------------+
| g1        | 8     | BUFGCE/O        | None       |           1 |               0 |  1 |      0 |    0 |    0 |   0 |  0 |    0 |   0 |       0 | M_AXI_ACLK_0_IBUF_BUFGCE |
+-----------+-------+-----------------+------------+-------------+-----------------+----+--------+------+------+-----+----+------+-----+---------+--------------------------+
* Clock Loads column represents the clock pin loads (pin count)
** Non-Clock Loads column represents the non-clock pin loads (pin count)
*** Columns FF, LUTRAM, RAMB through 'Hard IP' represents load cell counts


12. Clock Region Cell Placement per Global Clock: Region X1Y3
-------------------------------------------------------------

+-----------+-------+-----------------+------------+-------------+-----------------+----+--------+------+------+-----+----+------+-----+---------+--------------------------+
| Global Id | Track | Driver Type/Pin | Constraint | Clock Loads | Non-Clock Loads | FF | LUTRAM | RAMB | URAM | DSP | GT | MMCM | PLL | Hard IP | Net                      |
+-----------+-------+-----------------+------------+-------------+-----------------+----+--------+------+------+-----+----+------+-----+---------+--------------------------+
| g0        | 2     | BUFGCE/O        | None       |          30 |               0 | 30 |      0 |    0 |    0 |   0 |  0 |    0 |   0 |       0 | S_AXI_ACLK_0_IBUF_BUFGCE |
+-----------+-------+-----------------+------------+-------------+-----------------+----+--------+------+------+-----+----+------+-----+---------+--------------------------+
* Clock Loads column represents the clock pin loads (pin count)
** Non-Clock Loads column represents the non-clock pin loads (pin count)
*** Columns FF, LUTRAM, RAMB through 'Hard IP' represents load cell counts


13. Clock Region Cell Placement per Global Clock: Region X0Y4
-------------------------------------------------------------

+-----------+-------+-----------------+------------+-------------+-----------------+------+--------+------+------+-----+----+------+-----+---------+--------------------------+
| Global Id | Track | Driver Type/Pin | Constraint | Clock Loads | Non-Clock Loads | FF   | LUTRAM | RAMB | URAM | DSP | GT | MMCM | PLL | Hard IP | Net                      |
+-----------+-------+-----------------+------------+-------------+-----------------+------+--------+------+------+-----+----+------+-----+---------+--------------------------+
| g0        | 2     | BUFGCE/O        | None       |        6562 |               0 | 6547 |      0 |    0 |    0 |  15 |  0 |    0 |   0 |       0 | S_AXI_ACLK_0_IBUF_BUFGCE |
+-----------+-------+-----------------+------------+-------------+-----------------+------+--------+------+------+-----+----+------+-----+---------+--------------------------+
* Clock Loads column represents the clock pin loads (pin count)
** Non-Clock Loads column represents the non-clock pin loads (pin count)
*** Columns FF, LUTRAM, RAMB through 'Hard IP' represents load cell counts


14. Clock Region Cell Placement per Global Clock: Region X1Y4
-------------------------------------------------------------

+-----------+-------+-----------------+------------+-------------+-----------------+------+--------+------+------+-----+----+------+-----+---------+--------------------------+
| Global Id | Track | Driver Type/Pin | Constraint | Clock Loads | Non-Clock Loads | FF   | LUTRAM | RAMB | URAM | DSP | GT | MMCM | PLL | Hard IP | Net                      |
+-----------+-------+-----------------+------------+-------------+-----------------+------+--------+------+------+-----+----+------+-----+---------+--------------------------+
| g0        | 2     | BUFGCE/O        | None       |        3013 |               0 | 2994 |      0 |    0 |    0 |  19 |  0 |    0 |   0 |       0 | S_AXI_ACLK_0_IBUF_BUFGCE |
| g1        | 8     | BUFGCE/O        | None       |          97 |               0 |   97 |      0 |    0 |    0 |   0 |  0 |    0 |   0 |       0 | M_AXI_ACLK_0_IBUF_BUFGCE |
+-----------+-------+-----------------+------------+-------------+-----------------+------+--------+------+------+-----+----+------+-----+---------+--------------------------+
* Clock Loads column represents the clock pin loads (pin count)
** Non-Clock Loads column represents the non-clock pin loads (pin count)
*** Columns FF, LUTRAM, RAMB through 'Hard IP' represents load cell counts


15. Clock Region Cell Placement per Global Clock: Region X2Y4
-------------------------------------------------------------

+-----------+-------+-----------------+------------+-------------+-----------------+-----+--------+------+------+-----+----+------+-----+---------+--------------------------+
| Global Id | Track | Driver Type/Pin | Constraint | Clock Loads | Non-Clock Loads | FF  | LUTRAM | RAMB | URAM | DSP | GT | MMCM | PLL | Hard IP | Net                      |
+-----------+-------+-----------------+------------+-------------+-----------------+-----+--------+------+------+-----+----+------+-----+---------+--------------------------+
| g0        | 2     | BUFGCE/O        | None       |         586 |               0 | 585 |      0 |    0 |    0 |   1 |  0 |    0 |   0 |       0 | S_AXI_ACLK_0_IBUF_BUFGCE |
| g1        | 8     | BUFGCE/O        | None       |          48 |               0 |  48 |      0 |    0 |    0 |   0 |  0 |    0 |   0 |       0 | M_AXI_ACLK_0_IBUF_BUFGCE |
+-----------+-------+-----------------+------------+-------------+-----------------+-----+--------+------+------+-----+----+------+-----+---------+--------------------------+
* Clock Loads column represents the clock pin loads (pin count)
** Non-Clock Loads column represents the non-clock pin loads (pin count)
*** Columns FF, LUTRAM, RAMB through 'Hard IP' represents load cell counts


16. Clock Region Cell Placement per Global Clock: Region X0Y5
-------------------------------------------------------------

+-----------+-------+-----------------+------------+-------------+-----------------+------+--------+------+------+-----+----+------+-----+---------+--------------------------+
| Global Id | Track | Driver Type/Pin | Constraint | Clock Loads | Non-Clock Loads | FF   | LUTRAM | RAMB | URAM | DSP | GT | MMCM | PLL | Hard IP | Net                      |
+-----------+-------+-----------------+------------+-------------+-----------------+------+--------+------+------+-----+----+------+-----+---------+--------------------------+
| g0        | 2     | BUFGCE/O        | None       |        5690 |               0 | 5674 |      0 |    0 |    0 |  16 |  0 |    0 |   0 |       0 | S_AXI_ACLK_0_IBUF_BUFGCE |
+-----------+-------+-----------------+------------+-------------+-----------------+------+--------+------+------+-----+----+------+-----+---------+--------------------------+
* Clock Loads column represents the clock pin loads (pin count)
** Non-Clock Loads column represents the non-clock pin loads (pin count)
*** Columns FF, LUTRAM, RAMB through 'Hard IP' represents load cell counts


17. Clock Region Cell Placement per Global Clock: Region X1Y5
-------------------------------------------------------------

+-----------+-------+-----------------+------------+-------------+-----------------+------+--------+------+------+-----+----+------+-----+---------+--------------------------+
| Global Id | Track | Driver Type/Pin | Constraint | Clock Loads | Non-Clock Loads | FF   | LUTRAM | RAMB | URAM | DSP | GT | MMCM | PLL | Hard IP | Net                      |
+-----------+-------+-----------------+------------+-------------+-----------------+------+--------+------+------+-----+----+------+-----+---------+--------------------------+
| g0        | 2     | BUFGCE/O        | None       |        2331 |               0 | 2310 |      0 |    0 |    0 |  21 |  0 |    0 |   0 |       0 | S_AXI_ACLK_0_IBUF_BUFGCE |
+-----------+-------+-----------------+------------+-------------+-----------------+------+--------+------+------+-----+----+------+-----+---------+--------------------------+
* Clock Loads column represents the clock pin loads (pin count)
** Non-Clock Loads column represents the non-clock pin loads (pin count)
*** Columns FF, LUTRAM, RAMB through 'Hard IP' represents load cell counts


