#-----------------------------------------------------------
# Vivado v2018.3 (64-bit)
# SW Build 2405991 on Thu Dec  6 23:38:27 MST 2018
# IP Build 2404404 on Fri Dec  7 01:43:56 MST 2018
# Start of session at: Wed May 21 23:58:42 2025
# Process ID: 15288
# Current directory: E:/vivado files/I_CHIP_2024/microblaze_accelerator_interface
# Command line: vivado.exe -gui_launcher_event rodinguilauncherevent15504 E:\vivado files\I_CHIP_2024\microblaze_accelerator_interface\microblaze_accelerator_interface.xpr
# Log file: E:/vivado files/I_CHIP_2024/microblaze_accelerator_interface/vivado.log
# Journal file: E:/vivado files/I_CHIP_2024/microblaze_accelerator_interface\vivado.jou
#-----------------------------------------------------------
start_gui
open_project {E:/vivado files/I_CHIP_2024/microblaze_accelerator_interface/microblaze_accelerator_interface.xpr}
Scanning sources...
Finished scanning sources
WARNING: [filemgmt 56-3] IP Repository Path: Could not find the directory 'E:/vivado files/I_CHIP_2024/axi master and slave implementation/matrix_convolution_ip'.
INFO: [IP_Flow 19-234] Refreshing IP repositories
WARNING: [IP_Flow 19-2248] Failed to load user IP repository 'e:/vivado files/I_CHIP_2024/axi master and slave implementation/matrix_convolution_ip'; Can't find the specified path.
If this directory should no longer be in your list of user repositories, go to the IP Settings dialog and remove it.
INFO: [IP_Flow 19-2313] Loaded Vivado IP repository 'F:/Xilinx/Vivado/2018.3/data/ip'.
WARNING: [BD 41-1661] One or more IPs have been locked in the design 'accelerator_soc.bd'. Please run report_ip_status for more details and recommendations on how to fix this issue.
List of locked IPs:
accelerator_soc_hardware_acceletor_w_0_0

open_project: Time (s): cpu = 00:00:43 ; elapsed = 00:00:35 . Memory (MB): peak = 909.375 ; gain = 289.652
