#-----------------------------------------------------------
# Vivado v2018.3 (64-bit)
# SW Build 2405991 on Thu Dec  6 23:38:27 MST 2018
# IP Build 2404404 on Fri Dec  7 01:43:56 MST 2018
# Start of session at: Sat May 24 02:49:09 2025
# Process ID: 8116
# Current directory: E:/vivado files/I_CHIP_2024/ip_design_codes
# Command line: vivado.exe -gui_launcher_event rodinguilauncherevent18920 E:\vivado files\I_CHIP_2024\ip_design_codes\ip_codes.xpr
# Log file: E:/vivado files/I_CHIP_2024/ip_design_codes/vivado.log
# Journal file: E:/vivado files/I_CHIP_2024/ip_design_codes\vivado.jou
#-----------------------------------------------------------
start_gui
open_project {E:/vivado files/I_CHIP_2024/ip_design_codes/ip_codes.xpr}
Scanning sources...
Finished scanning sources
INFO: [IP_Flow 19-234] Refreshing IP repositories
INFO: [IP_Flow 19-1700] Loaded user IP repository 'e:/vivado files/I_CHIP_2024/manufactured_ip'.
INFO: [IP_Flow 19-2313] Loaded Vivado IP repository 'F:/Xilinx/Vivado/2018.3/data/ip'.
open_project: Time (s): cpu = 00:00:36 ; elapsed = 00:00:23 . Memory (MB): peak = 886.523 ; gain = 231.086
update_compile_order -fileset sources_1
ipx::open_ipxact_file {E:\vivado files\I_CHIP_2024\manufactured_ip\component.xml}
WARNING: [IP_Flow 19-4963] hardware_accelerator_systolic_array_0_0 has board value specified. The packaged IP will be restricted to usage with board 'xilinx.com:zcu104:part0:1.1'
WARNING: [IP_Flow 19-5226] Project source file 'e:/vivado files/I_CHIP_2024/manufactured_ip/component.xml' ignored by IP packager.
WARNING: [IP_Flow 19-4308] Project file 'e:/vivado files/I_CHIP_2024/ip_design_codes/ip_codes.srcs/sources_1/imports/new/processing_element.v' is not found in the component files. It will be added automatically when merging sources and repackaging. Please remove the file from the source project if this is not desired.
WARNING: [IP_Flow 19-4308] Project file 'e:/vivado files/I_CHIP_2024/ip_design_codes/ip_codes.srcs/sources_1/imports/new/systolic_array.v' is not found in the component files. It will be added automatically when merging sources and repackaging. Please remove the file from the source project if this is not desired.
WARNING: [IP_Flow 19-4308] Project file 'e:/vivado files/I_CHIP_2024/ip_design_codes/ip_codes.srcs/sources_1/imports/new/axi_slave.v' is not found in the component files. It will be added automatically when merging sources and repackaging. Please remove the file from the source project if this is not desired.
WARNING: [IP_Flow 19-4308] Project file 'e:/vivado files/I_CHIP_2024/ip_design_codes/ip_codes.srcs/sources_1/imports/new/controller.v' is not found in the component files. It will be added automatically when merging sources and repackaging. Please remove the file from the source project if this is not desired.
WARNING: [IP_Flow 19-4308] Project file 'e:/vivado files/I_CHIP_2024/ip_design_codes/ip_codes.srcs/sources_1/imports/new/input_mem.v' is not found in the component files. It will be added automatically when merging sources and repackaging. Please remove the file from the source project if this is not desired.
WARNING: [IP_Flow 19-4308] Project file 'e:/vivado files/I_CHIP_2024/ip_design_codes/ip_codes.srcs/sources_1/imports/new/output_mem.v' is not found in the component files. It will be added automatically when merging sources and repackaging. Please remove the file from the source project if this is not desired.
WARNING: [IP_Flow 19-4308] Project file 'e:/vivado files/I_CHIP_2024/ip_design_codes/ip_codes.srcs/sources_1/imports/new/vir_input_mem.v' is not found in the component files. It will be added automatically when merging sources and repackaging. Please remove the file from the source project if this is not desired.
WARNING: [IP_Flow 19-4308] Project file 'e:/vivado files/I_CHIP_2024/ip_design_codes/ip_codes.srcs/sources_1/imports/new/weight_mem.v' is not found in the component files. It will be added automatically when merging sources and repackaging. Please remove the file from the source project if this is not desired.
WARNING: [IP_Flow 19-4308] Project file 'e:/vivado files/I_CHIP_2024/ip_design_codes/ip_codes.srcs/sources_1/new/and_gate.v' is not found in the component files. It will be added automatically when merging sources and repackaging. Please remove the file from the source project if this is not desired.
WARNING: [IP_Flow 19-4308] Project file 'e:/vivado files/I_CHIP_2024/ip_design_codes/ip_codes.srcs/sources_1/new/mux.v' is not found in the component files. It will be added automatically when merging sources and repackaging. Please remove the file from the source project if this is not desired.
WARNING: [IP_Flow 19-4308] Project file 'e:/vivado files/I_CHIP_2024/ip_design_codes/ip_codes.srcs/sources_1/new/mux.v' is not found in the component files. It will be added automatically when merging sources and repackaging. Please remove the file from the source project if this is not desired.
WARNING: [IP_Flow 19-4308] Project file 'e:/vivado files/I_CHIP_2024/ip_design_codes/ip_codes.srcs/sources_1/imports/new/axi-master.v' is not found in the component files. It will be added automatically when merging sources and repackaging. Please remove the file from the source project if this is not desired.
WARNING: [IP_Flow 19-4308] Project file 'e:/vivado files/I_CHIP_2024/ip_design_codes/ip_codes.srcs/sources_1/bd/hardware_accelerator/synth/hardware_accelerator.v' is not found in the component files. It will be added automatically when merging sources and repackaging. Please remove the file from the source project if this is not desired.
WARNING: [IP_Flow 19-4308] Project file 'e:/vivado files/I_CHIP_2024/ip_design_codes/ip_codes.srcs/sources_1/bd/hardware_accelerator/hardware_accelerator_ooc.xdc' is not found in the component files. It will be added automatically when merging sources and repackaging. Please remove the file from the source project if this is not desired.
WARNING: [IP_Flow 19-4308] Project file 'e:/vivado files/I_CHIP_2024/ip_design_codes/ip_codes.srcs/sources_1/imports/new/processing_element.v' is not found in the component files. It will be added automatically when merging sources and repackaging. Please remove the file from the source project if this is not desired.
WARNING: [IP_Flow 19-4308] Project file 'e:/vivado files/I_CHIP_2024/ip_design_codes/ip_codes.srcs/sources_1/imports/new/systolic_array.v' is not found in the component files. It will be added automatically when merging sources and repackaging. Please remove the file from the source project if this is not desired.
WARNING: [IP_Flow 19-4308] Project file 'e:/vivado files/I_CHIP_2024/ip_design_codes/ip_codes.srcs/sources_1/imports/new/axi_slave.v' is not found in the component files. It will be added automatically when merging sources and repackaging. Please remove the file from the source project if this is not desired.
WARNING: [IP_Flow 19-4308] Project file 'e:/vivado files/I_CHIP_2024/ip_design_codes/ip_codes.srcs/sources_1/imports/new/controller.v' is not found in the component files. It will be added automatically when merging sources and repackaging. Please remove the file from the source project if this is not desired.
WARNING: [IP_Flow 19-4308] Project file 'e:/vivado files/I_CHIP_2024/ip_design_codes/ip_codes.srcs/sources_1/imports/new/input_mem.v' is not found in the component files. It will be added automatically when merging sources and repackaging. Please remove the file from the source project if this is not desired.
WARNING: [IP_Flow 19-4308] Project file 'e:/vivado files/I_CHIP_2024/ip_design_codes/ip_codes.srcs/sources_1/imports/new/output_mem.v' is not found in the component files. It will be added automatically when merging sources and repackaging. Please remove the file from the source project if this is not desired.
WARNING: [IP_Flow 19-4308] Project file 'e:/vivado files/I_CHIP_2024/ip_design_codes/ip_codes.srcs/sources_1/imports/new/vir_input_mem.v' is not found in the component files. It will be added automatically when merging sources and repackaging. Please remove the file from the source project if this is not desired.
WARNING: [IP_Flow 19-4308] Project file 'e:/vivado files/I_CHIP_2024/ip_design_codes/ip_codes.srcs/sources_1/imports/new/weight_mem.v' is not found in the component files. It will be added automatically when merging sources and repackaging. Please remove the file from the source project if this is not desired.
WARNING: [IP_Flow 19-4308] Project file 'e:/vivado files/I_CHIP_2024/ip_design_codes/ip_codes.srcs/sources_1/new/and_gate.v' is not found in the component files. It will be added automatically when merging sources and repackaging. Please remove the file from the source project if this is not desired.
WARNING: [IP_Flow 19-4308] Project file 'e:/vivado files/I_CHIP_2024/ip_design_codes/ip_codes.srcs/sources_1/new/mux.v' is not found in the component files. It will be added automatically when merging sources and repackaging. Please remove the file from the source project if this is not desired.
WARNING: [IP_Flow 19-4308] Project file 'e:/vivado files/I_CHIP_2024/ip_design_codes/ip_codes.srcs/sources_1/imports/new/axi-master.v' is not found in the component files. It will be added automatically when merging sources and repackaging. Please remove the file from the source project if this is not desired.
WARNING: [IP_Flow 19-4308] Project file 'e:/vivado files/I_CHIP_2024/ip_design_codes/ip_codes.srcs/sources_1/imports/hdl/hardware_accelerator_wrapper.v' is not found in the component files. It will be added automatically when merging sources and repackaging. Please remove the file from the source project if this is not desired.
WARNING: [IP_Flow 19-4308] Project file 'e:/vivado files/I_CHIP_2024/ip_design_codes/ip_codes.srcs/sources_1/imports/new/processing_element.v' is not found in the component files. It will be added automatically when merging sources and repackaging. Please remove the file from the source project if this is not desired.
WARNING: [IP_Flow 19-4308] Project file 'e:/vivado files/I_CHIP_2024/ip_design_codes/ip_codes.srcs/sources_1/imports/new/systolic_array.v' is not found in the component files. It will be added automatically when merging sources and repackaging. Please remove the file from the source project if this is not desired.
WARNING: [IP_Flow 19-4308] Project file 'e:/vivado files/I_CHIP_2024/ip_design_codes/ip_codes.srcs/sources_1/imports/new/axi_slave.v' is not found in the component files. It will be added automatically when merging sources and repackaging. Please remove the file from the source project if this is not desired.
WARNING: [IP_Flow 19-4308] Project file 'e:/vivado files/I_CHIP_2024/ip_design_codes/ip_codes.srcs/sources_1/imports/new/controller.v' is not found in the component files. It will be added automatically when merging sources and repackaging. Please remove the file from the source project if this is not desired.
WARNING: [IP_Flow 19-4308] Project file 'e:/vivado files/I_CHIP_2024/ip_design_codes/ip_codes.srcs/sources_1/imports/new/input_mem.v' is not found in the component files. It will be added automatically when merging sources and repackaging. Please remove the file from the source project if this is not desired.
WARNING: [IP_Flow 19-4308] Project file 'e:/vivado files/I_CHIP_2024/ip_design_codes/ip_codes.srcs/sources_1/imports/new/output_mem.v' is not found in the component files. It will be added automatically when merging sources and repackaging. Please remove the file from the source project if this is not desired.
WARNING: [IP_Flow 19-4308] Project file 'e:/vivado files/I_CHIP_2024/ip_design_codes/ip_codes.srcs/sources_1/imports/new/vir_input_mem.v' is not found in the component files. It will be added automatically when merging sources and repackaging. Please remove the file from the source project if this is not desired.
WARNING: [IP_Flow 19-4308] Project file 'e:/vivado files/I_CHIP_2024/ip_design_codes/ip_codes.srcs/sources_1/imports/new/weight_mem.v' is not found in the component files. It will be added automatically when merging sources and repackaging. Please remove the file from the source project if this is not desired.
WARNING: [IP_Flow 19-4308] Project file 'e:/vivado files/I_CHIP_2024/ip_design_codes/ip_codes.srcs/sources_1/new/and_gate.v' is not found in the component files. It will be added automatically when merging sources and repackaging. Please remove the file from the source project if this is not desired.
WARNING: [IP_Flow 19-4308] Project file 'e:/vivado files/I_CHIP_2024/ip_design_codes/ip_codes.srcs/sources_1/new/mux.v' is not found in the component files. It will be added automatically when merging sources and repackaging. Please remove the file from the source project if this is not desired.
WARNING: [IP_Flow 19-4308] Project file 'e:/vivado files/I_CHIP_2024/ip_design_codes/ip_codes.srcs/sources_1/new/mux.v' is not found in the component files. It will be added automatically when merging sources and repackaging. Please remove the file from the source project if this is not desired.
WARNING: [IP_Flow 19-4308] Project file 'e:/vivado files/I_CHIP_2024/ip_design_codes/ip_codes.srcs/sources_1/imports/new/axi-master.v' is not found in the component files. It will be added automatically when merging sources and repackaging. Please remove the file from the source project if this is not desired.
WARNING: [IP_Flow 19-4308] Project file 'e:/vivado files/I_CHIP_2024/ip_design_codes/ip_codes.srcs/sources_1/bd/hardware_accelerator/sim/hardware_accelerator.v' is not found in the component files. It will be added automatically when merging sources and repackaging. Please remove the file from the source project if this is not desired.
WARNING: [IP_Flow 19-4308] Project file 'e:/vivado files/I_CHIP_2024/ip_design_codes/ip_codes.srcs/sources_1/bd/hardware_accelerator/sim/hardware_accelerator.protoinst' is not found in the component files. It will be added automatically when merging sources and repackaging. Please remove the file from the source project if this is not desired.
WARNING: [IP_Flow 19-4308] Project file 'e:/vivado files/I_CHIP_2024/ip_design_codes/ip_codes.srcs/sources_1/imports/new/processing_element.v' is not found in the component files. It will be added automatically when merging sources and repackaging. Please remove the file from the source project if this is not desired.
WARNING: [IP_Flow 19-4308] Project file 'e:/vivado files/I_CHIP_2024/ip_design_codes/ip_codes.srcs/sources_1/imports/new/systolic_array.v' is not found in the component files. It will be added automatically when merging sources and repackaging. Please remove the file from the source project if this is not desired.
WARNING: [IP_Flow 19-4308] Project file 'e:/vivado files/I_CHIP_2024/ip_design_codes/ip_codes.srcs/sources_1/imports/new/axi_slave.v' is not found in the component files. It will be added automatically when merging sources and repackaging. Please remove the file from the source project if this is not desired.
WARNING: [IP_Flow 19-4308] Project file 'e:/vivado files/I_CHIP_2024/ip_design_codes/ip_codes.srcs/sources_1/imports/new/controller.v' is not found in the component files. It will be added automatically when merging sources and repackaging. Please remove the file from the source project if this is not desired.
WARNING: [IP_Flow 19-4308] Project file 'e:/vivado files/I_CHIP_2024/ip_design_codes/ip_codes.srcs/sources_1/imports/new/input_mem.v' is not found in the component files. It will be added automatically when merging sources and repackaging. Please remove the file from the source project if this is not desired.
WARNING: [IP_Flow 19-4308] Project file 'e:/vivado files/I_CHIP_2024/ip_design_codes/ip_codes.srcs/sources_1/imports/new/output_mem.v' is not found in the component files. It will be added automatically when merging sources and repackaging. Please remove the file from the source project if this is not desired.
WARNING: [IP_Flow 19-4308] Project file 'e:/vivado files/I_CHIP_2024/ip_design_codes/ip_codes.srcs/sources_1/imports/new/vir_input_mem.v' is not found in the component files. It will be added automatically when merging sources and repackaging. Please remove the file from the source project if this is not desired.
WARNING: [IP_Flow 19-4308] Project file 'e:/vivado files/I_CHIP_2024/ip_design_codes/ip_codes.srcs/sources_1/imports/new/weight_mem.v' is not found in the component files. It will be added automatically when merging sources and repackaging. Please remove the file from the source project if this is not desired.
WARNING: [IP_Flow 19-4308] Project file 'e:/vivado files/I_CHIP_2024/ip_design_codes/ip_codes.srcs/sources_1/new/and_gate.v' is not found in the component files. It will be added automatically when merging sources and repackaging. Please remove the file from the source project if this is not desired.
WARNING: [IP_Flow 19-4308] Project file 'e:/vivado files/I_CHIP_2024/ip_design_codes/ip_codes.srcs/sources_1/new/mux.v' is not found in the component files. It will be added automatically when merging sources and repackaging. Please remove the file from the source project if this is not desired.
WARNING: [IP_Flow 19-4308] Project file 'e:/vivado files/I_CHIP_2024/ip_design_codes/ip_codes.srcs/sources_1/imports/new/axi-master.v' is not found in the component files. It will be added automatically when merging sources and repackaging. Please remove the file from the source project if this is not desired.
WARNING: [IP_Flow 19-4308] Project file 'e:/vivado files/I_CHIP_2024/ip_design_codes/ip_codes.srcs/sources_1/imports/hdl/hardware_accelerator_wrapper.v' is not found in the component files. It will be added automatically when merging sources and repackaging. Please remove the file from the source project if this is not desired.
